%!Adobe-FontList 1.22
%Locale:0x40c

%BeginFont
Handler:DirectoryHandler
FontType:Type1
FontName:ACaslonPro-Bold
FamilyName:Adobe Caslon Pro
StyleName:Bold
FullName:Adobe Caslon Pro Bold
MenuName:Adobe Caslon Pro Bold
StyleBits:0
WritingScript:Roman
OutlineFileName:C:\Users\toure\Dropbox (Les XII Singes)\_RESPELL\Bibliothèque finalisée\WASL002ND Wastburg 2e édition\Assemblage IND\Dossier WAS L002ND Book\Document fonts\ACaslonPro-Bold.otf
DataFormat:sfntData
UsesStandardEncoding:yes
isCFF:yes
hasSVG:no
VariableFontType:NonVariableFont
FileLength:142972
FileModTime:1171986514
WeightClass:700
WidthClass:5
AngleClass:0
NameArray:0,Mac,4,Adobe Caslon Pro Bold
NameArray:0,Win,1,Adobe Caslon Pro Bold
NameArray:0,Win,16,Adobe Caslon Pro
%EndFont

%BeginFont
Handler:DirectoryHandler
FontType:Type1
FontName:ACaslonPro-BoldItalic
FamilyName:Adobe Caslon Pro
StyleName:Bold Italic
FullName:Adobe Caslon Pro Bold Italic
MenuName:Adobe Caslon Pro Bold
StyleBits:1
WritingScript:Roman
OutlineFileName:C:\Users\toure\Dropbox (Les XII Singes)\_RESPELL\Bibliothèque finalisée\WASL002ND Wastburg 2e édition\Assemblage IND\Dossier WAS L002ND Book\Document fonts\ACaslonPro-BoldItalic.otf
DataFormat:sfntData
UsesStandardEncoding:yes
isCFF:yes
hasSVG:no
VariableFontType:NonVariableFont
FileLength:169448
FileModTime:1171986516
WeightClass:700
WidthClass:5
AngleClass:1
NameArray:0,Mac,4,Adobe Caslon Pro Bold Italic
NameArray:0,Win,1,Adobe Caslon Pro Bold
NameArray:0,Win,16,Adobe Caslon Pro
%EndFont

%BeginFont
Handler:DirectoryHandler
FontType:Type1
FontName:ACaslonPro-Italic
FamilyName:Adobe Caslon Pro
StyleName:Italic
FullName:Adobe Caslon Pro Italic
MenuName:Adobe Caslon Pro
StyleBits:1
WritingScript:Roman
OutlineFileName:C:\Users\toure\Dropbox (Les XII Singes)\_RESPELL\Bibliothèque finalisée\WASL002ND Wastburg 2e édition\Assemblage IND\Dossier WAS L002ND Book\Document fonts\ACaslonPro-Italic.otf
DataFormat:sfntData
UsesStandardEncoding:yes
isCFF:yes
hasSVG:no
VariableFontType:NonVariableFont
FileLength:167264
FileModTime:1171986516
WeightClass:400
WidthClass:5
AngleClass:1
NameArray:0,Mac,4,Adobe Caslon Pro Italic
NameArray:0,Win,1,Adobe Caslon Pro
%EndFont

%BeginFont
Handler:DirectoryHandler
FontType:Type1
FontName:ACaslonPro-Regular
FamilyName:Adobe Caslon Pro
StyleName:Regular
FullName:Adobe Caslon Pro
MenuName:Adobe Caslon Pro
StyleBits:0
WritingScript:Roman
OutlineFileName:C:\Users\toure\Dropbox (Les XII Singes)\_RESPELL\Bibliothèque finalisée\WASL002ND Wastburg 2e édition\Assemblage IND\Dossier WAS L002ND Book\Document fonts\ACaslonPro-Regular.otf
DataFormat:sfntData
UsesStandardEncoding:yes
isCFF:yes
hasSVG:no
VariableFontType:NonVariableFont
FileLength:161820
FileModTime:1171986516
WeightClass:400
WidthClass:5
AngleClass:0
NameArray:0,Mac,4,Adobe Caslon Pro
NameArray:0,Win,1,Adobe Caslon Pro
%EndFont

%BeginFont
Handler:DirectoryHandler
FontType:Type1
FontName:ACaslonPro-Semibold
FamilyName:Adobe Caslon Pro
StyleName:Semibold
FullName:Adobe Caslon Pro Semibold
MenuName:Adobe Caslon Pro
StyleBits:2
WritingScript:Roman
OutlineFileName:C:\Users\toure\Dropbox (Les XII Singes)\_RESPELL\Bibliothèque finalisée\WASL002ND Wastburg 2e édition\Assemblage IND\Dossier WAS L002ND Book\Document fonts\ACaslonPro-Semibold.otf
DataFormat:sfntData
UsesStandardEncoding:yes
isCFF:yes
hasSVG:no
VariableFontType:NonVariableFont
FileLength:165956
FileModTime:1171986516
WeightClass:600
WidthClass:5
AngleClass:0
NameArray:0,Mac,18,Adobe Caslon Pro SmBd
NameArray:0,Mac,4,Adobe Caslon Pro Semibold
NameArray:0,Win,1,Adobe Caslon Pro
%EndFont

%BeginFont
Handler:DirectoryHandler
FontType:TrueType
FontName:AntiqueType
FamilyName:Antique Type
StyleName:Regular
FullName:Antique Type
MenuName:Antique Type
StyleBits:1
WritingScript:Roman
OutlineFileName:C:\Users\toure\Dropbox (Les XII Singes)\_RESPELL\Bibliothèque finalisée\WASL002ND Wastburg 2e édition\Assemblage IND\Dossier WAS L002ND Book\Document fonts\Antiquet.ttf
DataFormat:sfntData
hasSVG:no
VariableFontType:NonVariableFont
FileLength:106696
FileModTime:917775632
WeightClass:5
WidthClass:5
AngleClass:0
NameArray:0,Mac,4,Antique Type
NameArray:0,Win,1,Antique Type
%EndFont

%BeginFont
Handler:DirectoryHandler
FontType:TrueType
FontName:AppareoBlack
FamilyName:Appareo
StyleName:Black
FullName:AppareoBlack
MenuName:Appareo Black
StyleBits:0
WritingScript:Roman
OutlineFileName:C:\Users\toure\Dropbox (Les XII Singes)\_RESPELL\Bibliothèque finalisée\WASL002ND Wastburg 2e édition\Assemblage IND\Dossier WAS L002ND Book\Document fonts\Appareo_Black.ttf
DataFormat:sfntData
hasSVG:no
VariableFontType:NonVariableFont
FileLength:421284
FileModTime:1594412616
WeightClass:400
WidthClass:5
AngleClass:0
NameArray:0,Mac,4,Appareo Black
NameArray:0,Win,1,Appareo Black
NameArray:0,Win,16,Appareo
%EndFont

%BeginFont
Handler:DirectoryHandler
FontType:TrueType
FontName:AppareoMedium
FamilyName:Appareo
StyleName:Medium
FullName:AppareoMedium
MenuName:Appareo Medium
StyleBits:0
WritingScript:Roman
OutlineFileName:C:\Users\toure\Dropbox (Les XII Singes)\_RESPELL\Bibliothèque finalisée\WASL002ND Wastburg 2e édition\Assemblage IND\Dossier WAS L002ND Book\Document fonts\Appareo_Medium.ttf
DataFormat:sfntData
hasSVG:no
VariableFontType:NonVariableFont
FileLength:755156
FileModTime:1594412637
WeightClass:400
WidthClass:5
AngleClass:0
NameArray:0,Mac,18,Appareo Medium
NameArray:0,Mac,4,Appareo Medium
NameArray:0,Win,1,Appareo Medium
NameArray:0,Win,16,Appareo
%EndFont

%BeginFont
Handler:DirectoryHandler
FontType:TrueType
FontName:AtticAntique
FamilyName:Attic
StyleName:Antique
FullName:Attic Antique
MenuName:Attic
StyleBits:0
WritingScript:Roman
OutlineFileName:C:\Users\toure\Dropbox (Les XII Singes)\_RESPELL\Bibliothèque finalisée\WASL002ND Wastburg 2e édition\Assemblage IND\Dossier WAS L002ND Book\Document fonts\Attic-Antique.ttf
DataFormat:sfntData
hasSVG:no
VariableFontType:NonVariableFont
FileLength:115068
FileModTime:1518483082
WeightClass:400
WidthClass:5
AngleClass:0
NameArray:0,Mac,4,Attic Antique
NameArray:0,Win,1,Attic
%EndFont

%BeginFont
Handler:DirectoryHandler
FontType:TrueType
FontName:DnD3Attack-Regular
FamilyName:DnD3Attack
StyleName:Regular
FullName:DnD3Attack-Regular
MenuName:DnD3Attack
StyleBits:0
WritingScript:Roman
OutlineFileName:C:\Users\toure\Dropbox (Les XII Singes)\_RESPELL\Bibliothèque finalisée\WASL002ND Wastburg 2e édition\Assemblage IND\Dossier WAS L002ND Book\Document fonts\DnD3Attack_Regular.ttf
DataFormat:sfntData
hasSVG:no
VariableFontType:NonVariableFont
FileLength:49100
FileModTime:1218674018
WeightClass:400
WidthClass:5
AngleClass:0
NameArray:0,Mac,18,DnD3Attack-Regular
NameArray:0,Mac,4,DnD3Attack-Regular
NameArray:0,Win,1,DnD3Attack
%EndFont

%BeginFont
Handler:DirectoryHandler
FontType:TrueType
FontName:IM_FELL_DW_Pica_Roman_SC
FamilyName:IM FELL DW Pica
StyleName:Bold
FullName:IM FELL DW Pica Roman SC
MenuName:IM FELL DW Pica
StyleBits:2
WritingScript:Roman
OutlineFileName:C:\Users\toure\Dropbox (Les XII Singes)\_RESPELL\Bibliothèque finalisée\WASL002ND Wastburg 2e édition\Assemblage IND\Dossier WAS L002ND Book\Document fonts\FePIsc2.ttf
DataFormat:sfntData
hasSVG:no
VariableFontType:NonVariableFont
FileLength:148860
FileModTime:1077983460
WeightClass:700
WidthClass:5
AngleClass:0
NameArray:0,Mac,4,IM FELL DW Pica Roman SC
NameArray:0,Win,1,IM FELL DW Pica
%EndFont

%BeginFont
Handler:DirectoryHandler
FontType:TrueType
FontName:IM_FELL_FLOWERS_2
FamilyName:IM FELL FLOWERS 2
StyleName:Regular
FullName:IM FELL FLOWERS 2
MenuName:IM FELL FLOWERS 2
StyleBits:0
WritingScript:Roman
OutlineFileName:C:\Users\toure\Dropbox (Les XII Singes)\_RESPELL\Bibliothèque finalisée\WASL002ND Wastburg 2e édition\Assemblage IND\Dossier WAS L002ND Book\Document fonts\IMFeFlow2.ttf
DataFormat:sfntData
hasSVG:no
VariableFontType:NonVariableFont
FileLength:88504
FileModTime:1277495348
WeightClass:400
WidthClass:5
AngleClass:0
NameArray:0,Mac,18,IM FELL FLOWERS 2
NameArray:0,Mac,4,IM FELL FLOWERS 2
NameArray:0,Win,1,IM FELL FLOWERS 2
NameArray:0,Win,16,IM FELL FLOWERS 2
%EndFont

%BeginFont
Handler:DirectoryHandler
FontType:TrueType
FontName:IM_FELL_DW_Pica_Italic
FamilyName:IM FELL DW Pica
StyleName:Italic
FullName:IM FELL DW Pica Italic
MenuName:IM FELL DW Pica
StyleBits:1
WritingScript:Roman
OutlineFileName:C:\Users\toure\Dropbox (Les XII Singes)\_RESPELL\Bibliothèque finalisée\WASL002ND Wastburg 2e édition\Assemblage IND\Dossier WAS L002ND Book\Document fonts\IMFePIit29P.ttf
DataFormat:sfntData
hasSVG:no
VariableFontType:NonVariableFont
FileLength:244608
FileModTime:1275271576
WeightClass:400
WidthClass:5
AngleClass:1
NameArray:0,Mac,18,IM FELL DW Pica Italic
NameArray:0,Mac,4,IM FELL DW Pica Italic
NameArray:0,Win,1,IM FELL DW Pica
%EndFont

%BeginFont
Handler:DirectoryHandler
FontType:TrueType
FontName:IM_FELL_DW_Pica_Roman
FamilyName:IM FELL DW Pica
StyleName:Regular
FullName:IM FELL DW Pica Roman
MenuName:IM FELL DW Pica
StyleBits:0
WritingScript:Roman
OutlineFileName:C:\Users\toure\Dropbox (Les XII Singes)\_RESPELL\Bibliothèque finalisée\WASL002ND Wastburg 2e édition\Assemblage IND\Dossier WAS L002ND Book\Document fonts\IMFePIrm29P.ttf
DataFormat:sfntData
hasSVG:no
VariableFontType:NonVariableFont
FileLength:216992
FileModTime:1275271606
WeightClass:400
WidthClass:5
AngleClass:0
NameArray:0,Mac,18,IM FELL DW Pica Roman
NameArray:0,Mac,4,IM FELL DW Pica Roman
NameArray:0,Win,1,IM FELL DW Pica
NameArray:0,Win,16,IM FELL DW Pica
%EndFont

%BeginFont
Handler:DirectoryHandler
FontType:Type1
FontName:MinionPro-Regular
FamilyName:Minion Pro
StyleName:Regular
FullName:Minion Pro
MenuName:Minion Pro
StyleBits:0
WritingScript:Roman
OutlineFileName:C:\Users\toure\Dropbox (Les XII Singes)\_RESPELL\Bibliothèque finalisée\WASL002ND Wastburg 2e édition\Assemblage IND\Dossier WAS L002ND Book\Document fonts\MinionPro-Regular.otf
DataFormat:sfntData
UsesStandardEncoding:yes
isCFF:yes
hasSVG:no
VariableFontType:NonVariableFont
FileLength:205608
FileModTime:1171986538
WeightClass:400
WidthClass:5
AngleClass:0
DesignSize:110
NameArray:0,Mac,4,Minion Pro
NameArray:0,Win,1,Minion Pro
%EndFont

%BeginFont
Handler:DirectoryHandler
FontType:TrueType
FontName:RequiemforA
FamilyName:Requiem for A
StyleName:Regular
FullName:Requiem for A
MenuName:Requiem for A
StyleBits:0
WritingScript:Roman
OutlineFileName:C:\Users\toure\Dropbox (Les XII Singes)\_RESPELL\Bibliothèque finalisée\WASL002ND Wastburg 2e édition\Assemblage IND\Dossier WAS L002ND Book\Document fonts\Requiem for A.ttf
DataFormat:sfntData
hasSVG:no
VariableFontType:NonVariableFont
FileLength:148572
FileModTime:1569847881
WeightClass:400
WidthClass:5
AngleClass:0
NameArray:0,Mac,4,Requiem for A
NameArray:0,Win,1,Requiem for A
%EndFont

%BeginFont
Handler:DirectoryHandler
FontType:TrueType
FontName:SketchedBroken
FamilyName:SketchedBroken
StyleName:Regular
FullName:SketchedBroken
MenuName:SketchedBroken
StyleBits:0
WritingScript:Roman
OutlineFileName:C:\Users\toure\Dropbox (Les XII Singes)\_RESPELL\Bibliothèque finalisée\WASL002ND Wastburg 2e édition\Assemblage IND\Dossier WAS L002ND Book\Document fonts\SketchedBroken.ttf
DataFormat:sfntData
hasSVG:no
VariableFontType:NonVariableFont
FileLength:60056
FileModTime:1594644797
WeightClass:400
WidthClass:5
AngleClass:0
NameArray:0,Mac,4,SketchedBroken
NameArray:0,Win,1,SketchedBroken
%EndFont

%BeginFont
Handler:DirectoryHandler
FontType:TrueType
FontName:SketchedCassiusBroken
FamilyName:SketchedCassiusBroken
StyleName:Regular
FullName:SketchedCassiusBroken
MenuName:SketchedCassiusBroken
StyleBits:0
WritingScript:Roman
OutlineFileName:C:\Users\toure\Dropbox (Les XII Singes)\_RESPELL\Bibliothèque finalisée\WASL002ND Wastburg 2e édition\Assemblage IND\Dossier WAS L002ND Book\Document fonts\SketchedCassiusBroken.ttf
DataFormat:sfntData
hasSVG:no
VariableFontType:NonVariableFont
FileLength:48592
FileModTime:1078021832
WeightClass:500
WidthClass:5
AngleClass:0
NameArray:0,Mac,4,SketchedCassiusBroken
NameArray:0,Win,1,SketchedCassiusBroken
%EndFont

%BeginFont
Handler:DirectoryHandler
FontType:TrueType
FontName:TimesNewRomanPSMT
FamilyName:Times New Roman
StyleName:Regular
FullName:Times New Roman
MenuName:Times New Roman
StyleBits:0
WritingScript:Roman
OutlineFileName:C:\Users\toure\Dropbox (Les XII Singes)\_RESPELL\Bibliothèque finalisée\WASL002ND Wastburg 2e édition\Assemblage IND\Dossier WAS L002ND Book\Document fonts\times.ttf
DataFormat:sfntData
hasSVG:no
VariableFontType:NonVariableFont
FileLength:1195688
FileModTime:1552970651
WeightClass:400
WidthClass:5
AngleClass:0
NameArray:0,Mac,4,Times New Roman
NameArray:0,Win,1,Times New Roman
%EndFont

%BeginFont
Handler:DirectoryHandler
FontType:TrueType
FontName:TimesNewRomanPS-ItalicMT
FamilyName:Times New Roman
StyleName:Italic
FullName:Times New Roman Italic
MenuName:Times New Roman
StyleBits:1
WritingScript:Roman
OutlineFileName:C:\Users\toure\Dropbox (Les XII Singes)\_RESPELL\Bibliothèque finalisée\WASL002ND Wastburg 2e édition\Assemblage IND\Dossier WAS L002ND Book\Document fonts\timesi.ttf
DataFormat:sfntData
hasSVG:no
VariableFontType:NonVariableFont
FileLength:940288
FileModTime:1552970651
WeightClass:400
WidthClass:5
AngleClass:1
NameArray:0,Mac,4,Times New Roman Italic
NameArray:0,Win,1,Times New Roman
%EndFont

%BeginFont
Handler:DirectoryHandler
FontType:TrueType
FontName:Wingdings-Regular
FamilyName:Wingdings
StyleName:Regular
FullName:Wingdings
MenuName:Wingdings
StyleBits:0
WritingScript:Roman
OutlineFileName:C:\Users\toure\Dropbox (Les XII Singes)\_RESPELL\Bibliothèque finalisée\WASL002ND Wastburg 2e édition\Assemblage IND\Dossier WAS L002ND Book\Document fonts\wingding.ttf
DataFormat:sfntData
hasSVG:no
VariableFontType:NonVariableFont
FileLength:82180
FileModTime:1552970651
WeightClass:400
WidthClass:5
AngleClass:0
NameArray:0,Mac,4,Wingdings
NameArray:0,Win,1,Wingdings
%EndFont

